# JRE version: Java(TM) SE Runtime Environment (21.0.1+12) (build 21.0.1+12-LTS-29)
# Java VM: Java HotSpot(TM) 64-Bit Server VM (21.0.1+12-LTS-29, mixed mode, emulated-client, sharing, tiered, compressed oops, compressed class ptrs, g1 gc, windows-amd64)
GC Precious Log:
 CardTable entry size: 512
 Card Set container configuration: InlinePtr #cards 4 size 8 Array Of Cards #cards 16 size 48 Howl #buckets 8 coarsen threshold 3686 Howl Bitmap #cards 512 size 80 coarsen threshold 460 Card regions per heap region 1 cards per card region 4096
 CPUs: 8 total, 8 available
 Memory: 12167M
 Large Page Support: Disabled
 NUMA Support: Disabled
 Compressed Oops: Enabled (Zero based)
 Heap Region Size: 2M
 Heap Min Capacity: 8M
 Heap Initial Capacity: 192M
 Heap Max Capacity: 3042M
 Pre-touch: Disabled
 Parallel Workers: 8
 Concurrent Workers: 2
 Concurrent Refinement Workers: 8
 Periodic GC: Disabled
Heap:
 garbage-first heap   total 75776K, used 53913K [0x0000000741e00000, 0x0000000800000000)
  region size 2048K, 2 young (4096K), 2 survivors (4096K)
 Metaspace       used 59309K, committed 59840K, reserved 1114112K
  class space    used 8323K, committed 8576K, reserved 1048576K
GC Heap History (20 events):
Event: 11.335 GC heap after
{Heap after GC invocations=11 (full 0):
 garbage-first heap   total 71680K, used 27392K [0x0000000741e00000, 0x0000000800000000)
  region size 2048K, 1 young (2048K), 1 survivors (2048K)
 Metaspace       used 45955K, committed 46400K, reserved 1114112K
  class space    used 6540K, committed 6720K, reserved 1048576K
}
Event: 13.450 GC heap before
{Heap before GC invocations=11 (full 0):
 garbage-first heap   total 71680K, used 58112K [0x0000000741e00000, 0x0000000800000000)
  region size 2048K, 17 young (34816K), 1 survivors (2048K)
 Metaspace       used 50633K, committed 51072K, reserved 1114112K
  class space    used 7170K, committed 7360K, reserved 1048576K
}
Event: 13.455 GC heap after
{Heap after GC invocations=12 (full 0):
 garbage-first heap   total 71680K, used 28635K [0x0000000741e00000, 0x0000000800000000)
  region size 2048K, 2 young (4096K), 2 survivors (4096K)
 Metaspace       used 50633K, committed 51072K, reserved 1114112K
  class space    used 7170K, committed 7360K, reserved 1048576K
}
Event: 14.305 GC heap before
{Heap before GC invocations=12 (full 0):
 garbage-first heap   total 71680K, used 59355K [0x0000000741e00000, 0x0000000800000000)
  region size 2048K, 17 young (34816K), 2 survivors (4096K)
 Metaspace       used 52811K, committed 53248K, reserved 1114112K
  class space    used 7483K, committed 7680K, reserved 1048576K
}
Event: 14.311 GC heap after
{Heap after GC invocations=13 (full 0):
 garbage-first heap   total 71680K, used 30211K [0x0000000741e00000, 0x0000000800000000)
  region size 2048K, 3 young (6144K), 3 survivors (6144K)
 Metaspace       used 52811K, committed 53248K, reserved 1114112K
  class space    used 7483K, committed 7680K, reserved 1048576K
}
Event: 14.783 GC heap before
{Heap before GC invocations=13 (full 0):
 garbage-first heap   total 71680K, used 52739K [0x0000000741e00000, 0x0000000800000000)
  region size 2048K, 15 young (30720K), 3 survivors (6144K)
 Metaspace       used 53335K, committed 53760K, reserved 1114112K
  class space    used 7546K, committed 7744K, reserved 1048576K
}
Event: 14.790 GC heap after
{Heap after GC invocations=14 (full 0):
 garbage-first heap   total 71680K, used 31420K [0x0000000741e00000, 0x0000000800000000)
  region size 2048K, 2 young (4096K), 2 survivors (4096K)
 Metaspace       used 53335K, committed 53760K, reserved 1114112K
  class space    used 7546K, committed 7744K, reserved 1048576K
}
Event: 15.485 GC heap before
{Heap before GC invocations=15 (full 0):
 garbage-first heap   total 71680K, used 60092K [0x0000000741e00000, 0x0000000800000000)
  region size 2048K, 16 young (32768K), 2 survivors (4096K)
 Metaspace       used 54552K, committed 54976K, reserved 1114112K
  class space    used 7711K, committed 7872K, reserved 1048576K
}
Event: 15.490 GC heap after
{Heap after GC invocations=16 (full 0):
 garbage-first heap   total 71680K, used 32597K [0x0000000741e00000, 0x0000000800000000)
  region size 2048K, 2 young (4096K), 2 survivors (4096K)
 Metaspace       used 54552K, committed 54976K, reserved 1114112K
  class space    used 7711K, committed 7872K, reserved 1048576K
}
Event: 15.886 GC heap before
{Heap before GC invocations=16 (full 0):
 garbage-first heap   total 71680K, used 59221K [0x0000000741e00000, 0x0000000800000000)
  region size 2048K, 15 young (30720K), 2 survivors (4096K)
 Metaspace       used 54781K, committed 55168K, reserved 1114112K
  class space    used 7731K, committed 7872K, reserved 1048576K
}
Event: 15.892 GC heap after
{Heap after GC invocations=17 (full 0):
 garbage-first heap   total 71680K, used 33078K [0x0000000741e00000, 0x0000000800000000)
  region size 2048K, 2 young (4096K), 2 survivors (4096K)
 Metaspace       used 54781K, committed 55168K, reserved 1114112K
  class space    used 7731K, committed 7872K, reserved 1048576K
}
Event: 16.434 GC heap before
{Heap before GC invocations=17 (full 0):
 garbage-first heap   total 71680K, used 59702K [0x0000000741e00000, 0x0000000800000000)
  region size 2048K, 15 young (30720K), 2 survivors (4096K)
 Metaspace       used 56109K, committed 56512K, reserved 1114112K
  class space    used 7909K, committed 8064K, reserved 1048576K
}
Event: 16.440 GC heap after
{Heap after GC invocations=18 (full 0):
 garbage-first heap   total 71680K, used 34462K [0x0000000741e00000, 0x0000000800000000)
  region size 2048K, 2 young (4096K), 2 survivors (4096K)
 Metaspace       used 56109K, committed 56512K, reserved 1114112K
  class space    used 7909K, committed 8064K, reserved 1048576K
}
Event: 17.241 GC heap before
{Heap before GC invocations=18 (full 0):
 garbage-first heap   total 71680K, used 59038K [0x0000000741e00000, 0x0000000800000000)
  region size 2048K, 14 young (28672K), 2 survivors (4096K)
 Metaspace       used 58613K, committed 59072K, reserved 1114112K
  class space    used 8234K, committed 8448K, reserved 1048576K
}
Event: 17.247 GC heap after
{Heap after GC invocations=19 (full 0):
 garbage-first heap   total 71680K, used 36579K [0x0000000741e00000, 0x0000000800000000)
  region size 2048K, 2 young (4096K), 2 survivors (4096K)
 Metaspace       used 58613K, committed 59072K, reserved 1114112K
  class space    used 8234K, committed 8448K, reserved 1048576K
}
Event: 17.543 GC heap before
{Heap before GC invocations=20 (full 0):
 garbage-first heap   total 71680K, used 57059K [0x0000000741e00000, 0x0000000800000000)
  region size 2048K, 13 young (26624K), 2 survivors (4096K)
 Metaspace       used 59214K, committed 59776K, reserved 1114112K
  class space    used 8309K, committed 8576K, reserved 1048576K
}
Event: 17.551 GC heap after
{Heap after GC invocations=21 (full 0):
 garbage-first heap   total 71680K, used 40914K [0x0000000741e00000, 0x0000000800000000)
  region size 2048K, 2 young (4096K), 2 survivors (4096K)
 Metaspace       used 59214K, committed 59776K, reserved 1114112K
  class space    used 8309K, committed 8576K, reserved 1048576K
}
Event: 17.616 GC heap before
{Heap before GC invocations=21 (full 0):
 garbage-first heap   total 71680K, used 61394K [0x0000000741e00000, 0x0000000800000000)
  region size 2048K, 12 young (24576K), 2 survivors (4096K)
 Metaspace       used 59214K, committed 59776K, reserved 1114112K
  class space    used 8309K, committed 8576K, reserved 1048576K
}
Event: 17.627 GC heap after
{Heap after GC invocations=22 (full 0):
 garbage-first heap   total 73728K, used 45676K [0x0000000741e00000, 0x0000000800000000)
  region size 2048K, 2 young (4096K), 2 survivors (4096K)
 Metaspace       used 59214K, committed 59776K, reserved 1114112K
  class space    used 8309K, committed 8576K, reserved 1048576K
}
Event: 17.804 GC heap before
{Heap before GC invocations=22 (full 0):
 garbage-first heap   total 73728K, used 62060K [0x0000000741e00000, 0x0000000800000000)
  region size 2048K, 10 young (20480K), 2 survivors (4096K)
 Metaspace       used 59309K, committed 59840K, reserved 1114112K
  class space    used 8323K, committed 8576K, reserved 1048576K
}

